<?xml version="1.0" encoding="UTF-8"?>
<!-- Generated by org.testng.reporters.JUnitReportReporter -->
<testsuite skipped="0" hostname="IP-AC1F409A" name="tests.OnlineShoppingTests" tests="4" failures="0" timestamp="2023-08-19T16:41:12 UTC" time="23.610" errors="0">
  <testcase name="testRegistration" time="6.602" classname="tests.OnlineShoppingTests"/>
  <testcase name="testLogin" time="2.682" classname="tests.OnlineShoppingTests"/>
  <testcase name="testCart" time="3.628" classname="tests.OnlineShoppingTests"/>
  <testcase name="testPayment" time="10.698" classname="tests.OnlineShoppingTests"/>
</testsuite> <!-- tests.OnlineShoppingTests -->
